<?xml version="1.0" encoding="UTF-8"?>
<robot generator="Robot 3.0.4 (Python 3.6.3 on win32)" generated="20180503 14:48:18.093">
<suite id="s1" name="Validate Page2" source="C:\Users\madduv\PycharmProjects\vhche-ta\robot_tests\web_projects\validate_page2.robot">
<test id="s1-t1" name="Valid Login">
<kw name="Given browser is opened to page2">
<kw name="Open Browser To Page2" library="resource">
<kw name="Open Browser" library="Selenium2Library">
<doc>Opens a new browser instance to the given ``url``.</doc>
<arguments>
<arg>${Page2 URL}</arg>
<arg>${BROWSER}</arg>
</arguments>
<msg timestamp="20180503 14:48:18.452" level="INFO">Opening browser 'Firefox' to base url 'http://localhost:3000/page2'.</msg>
<status status="PASS" starttime="20180503 14:48:18.452" endtime="20180503 14:48:53.005"></status>
</kw>
<kw name="Maximize Browser Window" library="Selenium2Library">
<doc>Maximizes current browser window.</doc>
<status status="PASS" starttime="20180503 14:48:53.005" endtime="20180503 14:48:53.029"></status>
</kw>
<kw name="Set Selenium Speed" library="Selenium2Library">
<doc>Sets the delay that is waited after each Selenium command.</doc>
<arguments>
<arg>${DELAY}</arg>
</arguments>
<status status="PASS" starttime="20180503 14:48:53.029" endtime="20180503 14:48:53.029"></status>
</kw>
<status status="PASS" starttime="20180503 14:48:18.436" endtime="20180503 14:48:53.029"></status>
</kw>
<status status="PASS" starttime="20180503 14:48:18.436" endtime="20180503 14:48:53.029"></status>
</kw>
<kw name="Swipe the policies to right">
<kw name="Select from list using Label" library="resource">
<arguments>
<arg>xpath=//select[@id="a-listers"]</arg>
<arg>Pluto</arg>
</arguments>
<kw name="Select From List By Label" library="Selenium2Library">
<doc>Selects options from selection list ``locator`` by ``labels``.</doc>
<arguments>
<arg>${locator}</arg>
<arg>${value}</arg>
</arguments>
<msg timestamp="20180503 14:48:53.045" level="INFO">Selecting options from selection list 'xpath=//select[@id="a-listers"]' by label Pluto.</msg>
<status status="PASS" starttime="20180503 14:48:53.045" endtime="20180503 14:49:00.356"></status>
</kw>
<status status="PASS" starttime="20180503 14:48:53.045" endtime="20180503 14:49:00.356"></status>
</kw>
<kw name="Click on the element" library="resource">
<arguments>
<arg>swapRight</arg>
</arguments>
<kw name="Click Element" library="Selenium2Library">
<doc>Click element identified by ``locator``.</doc>
<arguments>
<arg>${locator}</arg>
</arguments>
<msg timestamp="20180503 14:49:00.356" level="INFO">Clicking element 'swapRight'.</msg>
<status status="PASS" starttime="20180503 14:49:00.356" endtime="20180503 14:49:02.919"></status>
</kw>
<status status="PASS" starttime="20180503 14:49:00.356" endtime="20180503 14:49:02.919"></status>
</kw>
<kw name="Element should not contain in the list" library="resource">
<arguments>
<arg>//*[@id="a-listers"]</arg>
<arg>Pluto</arg>
</arguments>
<kw name="Element Should Not Contain" library="Selenium2Library">
<doc>Verifies that element ``locator`` does not contains text ``expected``.</doc>
<arguments>
<arg>${locator}</arg>
<arg>${value}</arg>
</arguments>
<msg timestamp="20180503 14:49:04.953" level="INFO">Element '//*[@id="a-listers"]' does not contain text 'Pluto'.</msg>
<status status="PASS" starttime="20180503 14:49:02.919" endtime="20180503 14:49:04.953"></status>
</kw>
<status status="PASS" starttime="20180503 14:49:02.919" endtime="20180503 14:49:04.953"></status>
</kw>
<status status="PASS" starttime="20180503 14:48:53.045" endtime="20180503 14:49:04.953"></status>
</kw>
<kw name="Swipe the policies to left">
<kw name="Select from list using Label" library="resource">
<arguments>
<arg>xpath=//select[@id="candidates"]</arg>
<arg>Pluto</arg>
</arguments>
<kw name="Select From List By Label" library="Selenium2Library">
<doc>Selects options from selection list ``locator`` by ``labels``.</doc>
<arguments>
<arg>${locator}</arg>
<arg>${value}</arg>
</arguments>
<msg timestamp="20180503 14:49:04.953" level="INFO">Selecting options from selection list 'xpath=//select[@id="candidates"]' by label Pluto.</msg>
<status status="PASS" starttime="20180503 14:49:04.953" endtime="20180503 14:49:11.031"></status>
</kw>
<status status="PASS" starttime="20180503 14:49:04.953" endtime="20180503 14:49:11.031"></status>
</kw>
<kw name="Click on the element" library="resource">
<arguments>
<arg>swapLeft</arg>
</arguments>
<kw name="Click Element" library="Selenium2Library">
<doc>Click element identified by ``locator``.</doc>
<arguments>
<arg>${locator}</arg>
</arguments>
<msg timestamp="20180503 14:49:11.031" level="INFO">Clicking element 'swapLeft'.</msg>
<status status="PASS" starttime="20180503 14:49:11.031" endtime="20180503 14:49:13.132"></status>
</kw>
<status status="PASS" starttime="20180503 14:49:11.031" endtime="20180503 14:49:13.132"></status>
</kw>
<kw name="Element should not contain in the list" library="resource">
<arguments>
<arg>//*[@id="candidates"]</arg>
<arg>Pluto</arg>
</arguments>
<kw name="Element Should Not Contain" library="Selenium2Library">
<doc>Verifies that element ``locator`` does not contains text ``expected``.</doc>
<arguments>
<arg>${locator}</arg>
<arg>${value}</arg>
</arguments>
<msg timestamp="20180503 14:49:15.148" level="INFO">Element '//*[@id="candidates"]' does not contain text 'Pluto'.</msg>
<status status="PASS" starttime="20180503 14:49:13.132" endtime="20180503 14:49:15.148"></status>
</kw>
<status status="PASS" starttime="20180503 14:49:13.132" endtime="20180503 14:49:15.148"></status>
</kw>
<status status="PASS" starttime="20180503 14:49:04.953" endtime="20180503 14:49:15.148"></status>
</kw>
<kw name="Search for policy and move to right">
<kw name="Click on the element" library="resource">
<arguments>
<arg>search</arg>
</arguments>
<kw name="Click Element" library="Selenium2Library">
<doc>Click element identified by ``locator``.</doc>
<arguments>
<arg>${locator}</arg>
</arguments>
<msg timestamp="20180503 14:49:15.148" level="INFO">Clicking element 'search'.</msg>
<status status="PASS" starttime="20180503 14:49:15.148" endtime="20180503 14:49:17.246"></status>
</kw>
<status status="PASS" starttime="20180503 14:49:15.148" endtime="20180503 14:49:17.246"></status>
</kw>
<kw name="Input Text" library="Selenium2Library">
<doc>Types the given ``text`` into text field identified by ``locator``.</doc>
<arguments>
<arg>search</arg>
<arg>Eris</arg>
</arguments>
<msg timestamp="20180503 14:49:17.246" level="INFO">Typing text 'Eris' into text field 'search'.</msg>
<status status="PASS" starttime="20180503 14:49:17.246" endtime="20180503 14:49:20.340"></status>
</kw>
<kw name="Click on the element" library="resource">
<arguments>
<arg>swapRight</arg>
</arguments>
<kw name="Click Element" library="Selenium2Library">
<doc>Click element identified by ``locator``.</doc>
<arguments>
<arg>${locator}</arg>
</arguments>
<msg timestamp="20180503 14:49:20.340" level="INFO">Clicking element 'swapRight'.</msg>
<status status="PASS" starttime="20180503 14:49:20.340" endtime="20180503 14:49:22.418"></status>
</kw>
<status status="PASS" starttime="20180503 14:49:20.340" endtime="20180503 14:49:22.418"></status>
</kw>
<kw name="Element should not contain in the list" library="resource">
<arguments>
<arg>//*[@id="a-listers"]</arg>
<arg>Eris</arg>
</arguments>
<kw name="Element Should Not Contain" library="Selenium2Library">
<doc>Verifies that element ``locator`` does not contains text ``expected``.</doc>
<arguments>
<arg>${locator}</arg>
<arg>${value}</arg>
</arguments>
<msg timestamp="20180503 14:49:24.457" level="INFO">Element '//*[@id="a-listers"]' does not contain text 'Eris'.</msg>
<status status="PASS" starttime="20180503 14:49:22.418" endtime="20180503 14:49:24.457"></status>
</kw>
<status status="PASS" starttime="20180503 14:49:22.418" endtime="20180503 14:49:24.457"></status>
</kw>
<status status="PASS" starttime="20180503 14:49:15.148" endtime="20180503 14:49:24.457"></status>
</kw>
<kw name="Close Browser" library="Selenium2Library" type="teardown">
<doc>Closes the current browser.</doc>
<status status="PASS" starttime="20180503 14:49:24.457" endtime="20180503 14:49:26.040"></status>
</kw>
<status status="PASS" starttime="20180503 14:48:18.436" endtime="20180503 14:49:26.040" critical="yes"></status>
</test>
<doc>A test suite with a single Gherkin style test.

This test is functionally identical to the example in
valid_login.robot file.</doc>
<status status="PASS" starttime="20180503 14:48:18.093" endtime="20180503 14:49:26.055"></status>
</suite>
<statistics>
<total>
<stat pass="1" fail="0">Critical Tests</stat>
<stat pass="1" fail="0">All Tests</stat>
</total>
<tag>
</tag>
<suite>
<stat pass="1" fail="0" id="s1" name="Validate Page2">Validate Page2</stat>
</suite>
</statistics>
<errors>
</errors>
</robot>
